	Exporter version: 4.6.0, Blender version: 2.77 (sub 0)
========= Conversion from Blender to Babylon.js =========
	Scene settings used:
		selected layers only:  false
		flat shading entire scene:  false
		inline textures:  false
		texture directory:  C:\Users\buecher\Projets\WebProjects\BabylonTraining\resources\models\
	Python World class constructor completed
	processing begun of mesh:  Armadillo
		WARNING: No materials have been assigned: 
		num positions      :  65534
		num normals        :  65534
		num uvs            :  0
		num uvs2           :  0
		num colors         :  0
		num indices        :  250302
	WARNING: The following mesh has exceeded the maximum # of vertex elements & will be broken into multiple Babylon meshes: Armadillo
	processing begun of mesh:  Armadillo1
		WARNING: No materials have been assigned: 
		num positions      :  65533
		num normals        :  65533
		num uvs            :  0
		num uvs2           :  0
		num colors         :  0
		num indices        :  224145
	processing begun of mesh:  Armadillo2
		WARNING: No materials have been assigned: 
		num positions      :  65533
		num normals        :  65533
		num uvs            :  0
		num uvs2           :  0
		num colors         :  0
		num indices        :  215976
	processing begun of mesh:  Armadillo3
		WARNING: No materials have been assigned: 
		num positions      :  65533
		num normals        :  65533
		num uvs            :  0
		num uvs2           :  0
		num colors         :  0
		num indices        :  216144
	processing begun of mesh:  Armadillo4
		WARNING: No materials have been assigned: 
		num positions      :  43852
		num normals        :  43852
		num uvs            :  0
		num uvs2           :  0
		num colors         :  0
		num indices        :  131265
	processing begun of mesh:  Cube
		processing begun of Standard material:  Material
		num positions      :  8
		num normals        :  8
		num uvs            :  0
		num uvs2           :  0
		num colors         :  0
		num indices        :  36
	processing begun of camera (FreeCamera):  Camera
	processing begun of light (POINT):  Lamp
========= Writing of scene file started =========
========= Writing of scene file completed =========
========= end of processing =========
elapsed time:  0 min, 14.4818 secs
